[0.000000] (-) TimerEvent: {}
[0.000522] (-) JobUnselected: {'identifier': 'gmapper'}
[0.000584] (segnet) JobQueued: {'identifier': 'segnet', 'dependencies': OrderedDict()}
[0.000655] (segnet) JobStarted: {'identifier': 'segnet'}
[0.099247] (-) TimerEvent: {}
[0.199706] (-) TimerEvent: {}
[0.300119] (-) TimerEvent: {}
[0.400563] (-) TimerEvent: {}
[0.501140] (-) TimerEvent: {}
[0.601514] (-) TimerEvent: {}
[0.671980] (segnet) StderrLine: {'line': b'Traceback (most recent call last):\n  File "/usr/lib/python3/dist-packages/colcon_parallel_executor/executor/parallel.py", line 75, in execute\n    loop.run_until_complete(future)\n  File "/usr/lib/python3.10/asyncio/base_events.py", line 636, in run_until_complete\n    self.run_forever()\n  File "/usr/lib/python3.10/asyncio/base_events.py", line 603, in run_forever\n    self._run_once()\n  File "/usr/lib/python3.10/asyncio/base_events.py", line 1871, in _run_once\n    event_list = self._selector.select(timeout)\n  File "/usr/lib/python3.10/selectors.py", line 469, in select\n    fd_event_list = self._selector.poll(timeout, max_ev)\nKeyboardInterrupt\n\nDuring handling of the above exception, another exception occurred:\n\nTraceback (most recent call last):\n  File "/usr/lib/python3/dist-packages/colcon_core/executor/__init__.py", line 91, in __call__\n    rc = await self.task(*args, **kwargs)\n  File "/usr/lib/python3/dist-packages/colcon_core/task/__init__.py", line 93, in __call__\n    return await task_method(*args, **kwargs)\n  File "/usr/lib/python3/dist-packages/colcon_ros/task/ament_python/build.py", line 102, in build\n    return await extension.build(additional_hooks=additional_hooks)\n  File "/usr/lib/python3/dist-packages/colcon_core/task/python/build.py", line 96, in build\n    available_commands = await self._get_available_commands(\n  File "/usr/lib/python3/dist-packages/colcon_core/task/python/build.py", line 194, in _get_available_commands\n    output = await check_output(\n  File "/usr/lib/python3/dist-packages/colcon_core/subprocess.py", line 129, in check_output\n    assert not rc, f\'Expected {args} to pass: {stderr_data}\'\nAssertionError: Expected [\'/usr/bin/python3\', \'-W\', \'ignore:setup.py install is deprecated\', \'-W\', \'ignore:easy_install command is deprecated\', \'setup.py\', \'--help-commands\'] to pass: Traceback (most recent call last):\n  File "/home/lamp/workspaces/segnet/src/segnet/setup.py", line 5, in <module>\n    setup(\n  File "/usr/lib/python3/dist-packages/setuptools/__init__.py", line 153, in setup\n    return distutils.core.setup(**attrs)\n  File "/usr/lib/python3.10/distutils/core.py", line 134, in setup\n    ok = dist.parse_command_line()\n  File "/usr/lib/python3.10/distutils/dist.py", line 480, in parse_command_line\n    if self.handle_display_options(option_order):\n  File "/usr/lib/python3/dist-packages/setuptools/dist.py", line 1126, in handle_display_options\n    return _Distribution.handle_display_options(self, option_order)\n  File "/usr/lib/python3.10/distutils/dist.py", line 683, in handle_display_options\n    self.print_commands()\n  File "/usr/lib/python3/dist-packages/setuptools/dist.py", line 902, in print_commands\n    cmdclass = ep.resolve()\n  File "/usr/lib/python3/dist-packages/pkg_resources/__init__.py", line 2471, in resolve\n    module = __import__(self.module_name, fromlist=[\'__name__\'], level=0)\n  File "/usr/lib/python3/dist-packages/babel/messages/__init__.py", line 12, in <module>\n    from babel.messages.catalog import *\n  File "/usr/lib/python3/dist-packages/babel/messages/catalog.py", line 24, in <module>\n    from babel.dates import format_datetime\n  File "/usr/lib/python3/dist-packages/babel/dates.py", line 23, in <module>\n    import pytz as _pytz\n  File "/usr/lib/python3/dist-packages/pytz/__init__.py", line 22, in <module>\n    from pytz.lazy import LazyDict, LazyList, LazySet  # noqa\n  File "/usr/lib/python3/dist-packages/pytz/lazy.py", line 118, in <module>\n    LazyList._props = [prop for prop in LazyList._props if hasattr(list, prop)]\n  File "/usr/lib/python3/dist-packages/pytz/lazy.py", line 118, in <listcomp>\n    LazyList._props = [prop for prop in LazyList._props if hasattr(list, prop)]\nKeyboardInterrupt\n\n'}
[0.673146] (segnet) JobEnded: {'identifier': 'segnet', 'rc': 'SIGINT'}
[0.682624] (-) EventReactorShutdown: {}
