[0.030s] Invoking command in '/home/lamp/workspaces/segnet/build/gmapper': CMAKE_PREFIX_PATH=${CMAKE_PREFIX_PATH}:/home/lamp/workspaces/segnet/install/segnet:/home/lamp/workspaces/launch_ws/install/turtlebot3_teleop:/home/lamp/workspaces/launch_ws/install/turtlebot3_example:/home/lamp/workspaces/launch_ws/install/segtect:/home/lamp/workspaces/launch_ws/install/autonomous_exploration:/home/lamp/workspaces/turtlebot3_ws/install/turtlebot3_teleop:/home/lamp/workspaces/turtlebot3_ws/install/turtlebot3_example:/opt/ros/humble /usr/bin/cmake --build /home/lamp/workspaces/segnet/build/gmapper -- -j12 -l12
[0.150s] [ 50%] [32mBuilding CXX object CMakeFiles/gmap.dir/src/mapper.cpp.o[0m
[0.746s] In file included from [01m[K/home/lamp/workspaces/segnet/src/gmapper/include/gmapper/mapper.h:18[m[K,
[0.746s]                  from [01m[K/home/lamp/workspaces/segnet/src/gmapper/src/mapper.cpp:1[m[K:
[0.747s] [01m[K/opt/ros/humble/include/tf2_geometry_msgs/tf2_geometry_msgs/tf2_geometry_msgs.h:35:2:[m[K [01;35m[Kwarning: [m[K#warning This header is obsolete, please include tf2_geometry_msgs/tf2_geometry_msgs.hpp instead [[01;35m[K]8;;https://gcc.gnu.org/onlinedocs/gcc/Warning-Options.html#index-Wcpp-Wcpp]8;;[m[K]
[0.747s]    35 | #[01;35m[Kwarning[m[K This header is obsolete, please include tf2_geometry_msgs/tf2_geometry_msgs.hpp instead
[0.747s]       |  [01;35m[K^~~~~~~[m[K
[3.786s] In file included from [01m[K/home/lamp/workspaces/segnet/src/gmapper/src/mapper.cpp:1[m[K:
[3.786s] [01m[K/home/lamp/workspaces/segnet/src/gmapper/include/gmapper/mapper.h:46:41:[m[K [01;31m[Kerror: [m[Kâ€˜[01m[KString[m[Kâ€™ is not a member of â€˜[01m[Kstd_msgs::msg[m[Kâ€™
[3.786s]    46 |     rclcpp::Subscription<std_msgs::msg::[01;31m[KString[m[K>::SharedPtr segnet_sub_;
[3.786s]       |                                         [01;31m[K^~~~~~[m[K
[3.786s] [01m[K/home/lamp/workspaces/segnet/src/gmapper/include/gmapper/mapper.h:46:47:[m[K [01;31m[Kerror: [m[Ktemplate argument 1 is invalid
[3.787s]    46 |     rclcpp::Subscription<std_msgs::msg::String[01;31m[K>[m[K::SharedPtr segnet_sub_;
[3.787s]       |                                               [01;31m[K^[m[K
[3.787s] [01m[K/home/lamp/workspaces/segnet/src/gmapper/include/gmapper/mapper.h:46:47:[m[K [01;31m[Kerror: [m[Ktemplate argument 3 is invalid
[3.787s] [01m[K/home/lamp/workspaces/segnet/src/gmapper/include/gmapper/mapper.h:46:47:[m[K [01;31m[Kerror: [m[Ktemplate argument 4 is invalid
[3.787s] [01m[K/home/lamp/workspaces/segnet/src/gmapper/include/gmapper/mapper.h:46:47:[m[K [01;31m[Kerror: [m[Ktemplate argument 5 is invalid
[3.787s] [01m[K/home/lamp/workspaces/segnet/src/gmapper/include/gmapper/mapper.h:46:50:[m[K [01;31m[Kerror: [m[Kexpected â€˜[01m[K;[m[Kâ€™ at end of member declaration
[3.787s]    46 |     rclcpp::Subscription<std_msgs::msg::String>::[01;31m[KSharedPtr[m[K segnet_sub_;
[3.787s]       |                                                  [01;31m[K^~~~~~~~~[m[K
[3.787s]       |                                                           [32m[K;[m[K
[3.789s] [01m[K/home/lamp/workspaces/segnet/src/gmapper/include/gmapper/mapper.h:46:60:[m[K [01;31m[Kerror: [m[Kâ€˜[01m[Ksegnet_sub_[m[Kâ€™ does not name a type
[3.789s]    46 |     rclcpp::Subscription<std_msgs::msg::String>::SharedPtr [01;31m[Ksegnet_sub_[m[K;
[3.789s]       |                                                            [01;31m[K^~~~~~~~~~~[m[K
[3.801s] [01m[K/home/lamp/workspaces/segnet/src/gmapper/include/gmapper/mapper.h:89:46:[m[K [01;31m[Kerror: [m[Kâ€˜[01m[KString[m[Kâ€™ in namespace â€˜[01m[Kstd_msgs::msg[m[Kâ€™ does not name a type
[3.802s]    89 |     void segnetCallback(const std_msgs::msg::[01;31m[KString[m[K::SharedPtr msg);
[3.802s]       |                                              [01;31m[K^~~~~~[m[K
[3.802s] [01m[K/home/lamp/workspaces/segnet/src/gmapper/include/gmapper/mapper.h:89:64:[m[K [01;31m[Kerror: [m[Kexpected unqualified-id before â€˜[01m[Kmsg[m[Kâ€™
[3.802s]    89 |     void segnetCallback(const std_msgs::msg::String::SharedPtr [01;31m[Kmsg[m[K);
[3.802s]       |                                                                [01;31m[K^~~[m[K
[3.802s] [01m[K/home/lamp/workspaces/segnet/src/gmapper/include/gmapper/mapper.h:89:63:[m[K [01;31m[Kerror: [m[Kexpected â€˜[01m[K)[m[Kâ€™ before â€˜[01m[Kmsg[m[Kâ€™
[3.802s]    89 |     void segnetCallback[34m[K([m[Kconst std_msgs::msg::String::SharedPtr[01;31m[K [m[K[32m[Kmsg[m[K);
[3.802s]       |                        [34m[K~[m[K                                      [01;31m[K^[m[K[32m[K~~~[m[K
[3.802s]       |                                                               [32m[K)[m[K
[3.802s] [01m[K/home/lamp/workspaces/segnet/src/gmapper/include/gmapper/mapper.h:89:54:[m[K [01;31m[Kerror: [m[Kexpected â€˜[01m[K;[m[Kâ€™ at end of member declaration
[3.802s]    89 |     void segnetCallback(const std_msgs::msg::String::[01;31m[KSharedPtr[m[K msg);
[3.802s]       |                                                      [01;31m[K^~~~~~~~~[m[K
[3.802s]       |                                                               [32m[K;[m[K
[3.803s] [01m[K/home/lamp/workspaces/segnet/src/gmapper/include/gmapper/mapper.h:89:64:[m[K [01;31m[Kerror: [m[Kâ€˜[01m[Kmsg[m[Kâ€™ does not name a type
[3.803s]    89 |     void segnetCallback(const std_msgs::msg::String::SharedPtr [01;31m[Kmsg[m[K);
[3.803s]       |                                                                [01;31m[K^~~[m[K
[3.884s] [01m[K/home/lamp/workspaces/segnet/src/gmapper/src/mapper.cpp:[m[K In member function â€˜[01m[Kvoid SlamGmapping::startLiveSlam()[m[Kâ€™:
[3.884s] [01m[K/home/lamp/workspaces/segnet/src/gmapper/src/mapper.cpp:88:5:[m[K [01;31m[Kerror: [m[Kâ€˜[01m[Ksegnet_sub_[m[Kâ€™ was not declared in this scope
[3.884s]    88 |     [01;31m[Ksegnet_sub_[m[K = this->create_subscription<std_msgs::msg::String>(
[3.884s]       |     [01;31m[K^~~~~~~~~~~[m[K
[3.885s] [01m[K/home/lamp/workspaces/segnet/src/gmapper/src/mapper.cpp:88:60:[m[K [01;31m[Kerror: [m[Kâ€˜[01m[KString[m[Kâ€™ is not a member of â€˜[01m[Kstd_msgs::msg[m[Kâ€™
[3.885s]    88 |     segnet_sub_ = this->create_subscription<std_msgs::msg::[01;31m[KString[m[K>(
[3.885s]       |                                                            [01;31m[K^~~~~~[m[K
[3.887s] [01m[K/home/lamp/workspaces/segnet/src/gmapper/src/mapper.cpp:88:67:[m[K [01;31m[Kerror: [m[Kno matching function for call to â€˜[01m[KSlamGmapping::create_subscription<<expression error> >(const char [8], rclcpp::SystemDefaultsQoS, std::_Bind_helper<false, void (SlamGmapping::*)(...), SlamGmapping*, const std::_Placeholder<1>&>::type)[m[Kâ€™
[3.888s]    88 |     segnet_sub_ = [01;31m[Kthis->create_subscription<std_msgs::msg::String>([m[K
[3.888s]       |                   [01;31m[K~~~~~~~~~~~~~~~~~~~~~~~~~~~~~~~~~~~~~~~~~~~~~~~~^[m[K
[3.888s]    89 | [01;31m[K        "/segnet", rclcpp::SystemDefaultsQoS(),[m[K
[3.888s]       |         [01;31m[K~~~~~~~~~~~~~~~~~~~~~~~~~~~~~~~~~~~~~~~[m[K                    
[3.888s]    90 | [01;31m[K        std::bind(&SlamGmapping::segnetCallback, this, std::placeholders::_1)[m[K
[3.888s]       |         [01;31m[K~~~~~~~~~~~~~~~~~~~~~~~~~~~~~~~~~~~~~~~~~~~~~~~~~~~~~~~~~~~~~~~~~~~~~[m[K
[3.888s]    91 | [01;31m[K    )[m[K;
[3.888s]       |     [01;31m[K~[m[K                                                              
[3.889s] In file included from [01m[K/opt/ros/humble/include/rclcpp/rclcpp/executors/single_threaded_executor.hpp:28[m[K,
[3.889s]                  from [01m[K/opt/ros/humble/include/rclcpp/rclcpp/executors.hpp:22[m[K,
[3.889s]                  from [01m[K/opt/ros/humble/include/rclcpp/rclcpp/rclcpp.hpp:155[m[K,
[3.889s]                  from [01m[K/home/lamp/workspaces/segnet/src/gmapper/include/gmapper/mapper.h:9[m[K,
[3.889s]                  from [01m[K/home/lamp/workspaces/segnet/src/gmapper/src/mapper.cpp:1[m[K:
[3.890s] [01m[K/opt/ros/humble/include/rclcpp/rclcpp/node.hpp:219:3:[m[K [01;36m[Knote: [m[Kcandidate: â€˜[01m[Ktemplate<class MessageT, class CallbackT, class AllocatorT, class SubscriptionT, class MessageMemoryStrategyT> std::shared_ptr<ROSMessageT> rclcpp::Node::create_subscription(const string&, const rclcpp::QoS&, CallbackT&&, const rclcpp::SubscriptionOptionsWithAllocator<AllocatorT>&, typename MessageMemoryStrategyT::SharedPtr)[m[Kâ€™
[3.890s]   219 |   [01;36m[Kcreate_subscription[m[K(
[3.890s]       |   [01;36m[K^~~~~~~~~~~~~~~~~~~[m[K
[3.890s] [01m[K/opt/ros/humble/include/rclcpp/rclcpp/node.hpp:219:3:[m[K [01;36m[Knote: [m[K  template argument deduction/substitution failed:
[3.890s] [01m[K/home/lamp/workspaces/segnet/src/gmapper/src/mapper.cpp:88:67:[m[K [01;31m[Kerror: [m[Ktemplate argument 1 is invalid
[3.890s]    88 |     segnet_sub_ = [01;31m[Kthis->create_subscription<std_msgs::msg::String>([m[K
[3.890s]       |                   [01;31m[K~~~~~~~~~~~~~~~~~~~~~~~~~~~~~~~~~~~~~~~~~~~~~~~~^[m[K
[3.890s]    89 | [01;31m[K        "/segnet", rclcpp::SystemDefaultsQoS(),[m[K
[3.890s]       |         [01;31m[K~~~~~~~~~~~~~~~~~~~~~~~~~~~~~~~~~~~~~~~[m[K                    
[3.890s]    90 | [01;31m[K        std::bind(&SlamGmapping::segnetCallback, this, std::placeholders::_1)[m[K
[3.890s]       |         [01;31m[K~~~~~~~~~~~~~~~~~~~~~~~~~~~~~~~~~~~~~~~~~~~~~~~~~~~~~~~~~~~~~~~~~~~~~[m[K
[3.890s]    91 | [01;31m[K    )[m[K;
[3.890s]       |     [01;31m[K~[m[K                                                              
[3.890s] [01m[K/home/lamp/workspaces/segnet/src/gmapper/src/mapper.cpp:[m[K At global scope:
[3.890s] [01m[K/home/lamp/workspaces/segnet/src/gmapper/src/mapper.cpp:94:56:[m[K [01;31m[Kerror: [m[Kâ€˜[01m[KString[m[Kâ€™ in namespace â€˜[01m[Kstd_msgs::msg[m[Kâ€™ does not name a type
[3.890s]    94 | void SlamGmapping::segnetCallback(const std_msgs::msg::[01;31m[KString[m[K::SharedPtr msg)
[3.890s]       |                                                        [01;31m[K^~~~~~[m[K
[3.890s] [01m[K/home/lamp/workspaces/segnet/src/gmapper/src/mapper.cpp:94:74:[m[K [01;31m[Kerror: [m[Kexpected unqualified-id before â€˜[01m[Kmsg[m[Kâ€™
[3.890s]    94 | void SlamGmapping::segnetCallback(const std_msgs::msg::String::SharedPtr [01;31m[Kmsg[m[K)
[3.891s]       |                                                                          [01;31m[K^~~[m[K
[3.891s] [01m[K/home/lamp/workspaces/segnet/src/gmapper/src/mapper.cpp:94:73:[m[K [01;31m[Kerror: [m[Kexpected â€˜[01m[K)[m[Kâ€™ before â€˜[01m[Kmsg[m[Kâ€™
[3.891s]    94 | void SlamGmapping::segnetCallback[34m[K([m[Kconst std_msgs::msg::String::SharedPtr[01;31m[K [m[K[32m[Kmsg[m[K)
[3.891s]       |                                  [34m[K~[m[K                                      [01;31m[K^[m[K[32m[K~~~[m[K
[3.891s]       |                                                                         [32m[K)[m[K
[3.891s] [01m[K/home/lamp/workspaces/segnet/src/gmapper/src/mapper.cpp:94:74:[m[K [01;31m[Kerror: [m[Kexpected initializer before â€˜[01m[Kmsg[m[Kâ€™
[3.891s]    94 | void SlamGmapping::segnetCallback(const std_msgs::msg::String::SharedPtr [01;31m[Kmsg[m[K)
[3.891s]       |                                                                          [01;31m[K^~~[m[K
[7.783s] gmake[2]: *** [CMakeFiles/gmap.dir/build.make:76: CMakeFiles/gmap.dir/src/mapper.cpp.o] Error 1
[7.783s] gmake[1]: *** [CMakeFiles/Makefile2:137: CMakeFiles/gmap.dir/all] Error 2
[7.783s] gmake: *** [Makefile:146: all] Error 2
[7.786s] Invoked command in '/home/lamp/workspaces/segnet/build/gmapper' returned '2': CMAKE_PREFIX_PATH=${CMAKE_PREFIX_PATH}:/home/lamp/workspaces/segnet/install/segnet:/home/lamp/workspaces/launch_ws/install/turtlebot3_teleop:/home/lamp/workspaces/launch_ws/install/turtlebot3_example:/home/lamp/workspaces/launch_ws/install/segtect:/home/lamp/workspaces/launch_ws/install/autonomous_exploration:/home/lamp/workspaces/turtlebot3_ws/install/turtlebot3_teleop:/home/lamp/workspaces/turtlebot3_ws/install/turtlebot3_example:/opt/ros/humble /usr/bin/cmake --build /home/lamp/workspaces/segnet/build/gmapper -- -j12 -l12
